Arguments: 
  /usr/local/share/nvm/versions/node/v20.12.1/bin/node /usr/share/yarn/bin/yarn.js install

PATH: 
  /opt/git/bin:/usr/local/rvm/gems/ruby-3.2.3/bin:/usr/local/rvm/gems/ruby-3.2.3@global/bin:/usr/local/rvm/rubies/ruby-3.2.3/bin:/opt/git/bin:/home/codespace/.dotnet:/home/codespace/nvm/current/bin:/home/codespace/.php/current/bin:/home/codespace/.python/current/bin:/home/codespace/java/current/bin:/home/codespace/.ruby/current/bin:/home/codespace/.local/bin:/usr/local/python/current/bin:/usr/local/py-utils/bin:/usr/local/oryx:/usr/local/go/bin:/go/bin:/usr/local/sdkman/bin:/usr/local/sdkman/candidates/java/current/bin:/usr/local/sdkman/candidates/gradle/current/bin:/usr/local/sdkman/candidates/maven/current/bin:/usr/local/sdkman/candidates/ant/current/bin:/usr/local/rvm/gems/default/bin:/usr/local/rvm/gems/default@global/bin:/usr/local/rvm/rubies/default/bin:/usr/local/share/rbenv/bin:/usr/local/php/current/bin:/opt/conda/bin:/usr/local/nvs:/usr/local/share/nvm/versions/node/v20.12.1/bin:/usr/local/hugo/bin:/usr/local/sbin:/usr/local/bin:/usr/sbin:/usr/bin:/sbin:/bin:/usr/share/dotnet:~/.dotnet/tools:/root/.local/bin:/usr/local/rvm/bin

Yarn version: 
  1.22.19

Node version: 
  20.12.1

Platform: 
  linux x64

Trace: 
  Error: ENOENT: no such file or directory, copyfile '/root/.cache/yarn/v6/npm-glob-parent-6.0.2-6d237d99083950c79290f24c7642a3de9a28f9e3-integrity/node_modules/glob-parent/LICENSE' -> '/project/workspace/frontend/node_modules/tailwindcss/node_modules/glob-parent/LICENSE'

npm manifest: 
  {
    "name": "simple-web-proof-x",
    "type": "module",
    "scripts": {
      "devnet:up": "docker compose --file docker-compose.devnet.yaml up -d",
      "devnet:down": "docker compose --file docker-compose.devnet.yaml down",
      "lint:solidity": "solhint '../src/**/*.sol' --max-warnings 0 && forge fmt ../src --check",
      "lint-fix:solidity": "solhint '../src/**/*.sol' --fix --noPrompt && forge fmt ../src",
      "build": "vite build --emptyOutDir",
      "vercel-build": "vite build --emptyOutDir --mode production",
      "preview": "vite preview",
      "prove:mainnet": "VLAYER_ENV=mainnet bun run prove.ts",
      "prove:testnet": "VLAYER_ENV=testnet bun run prove.ts",
      "prove:dev": "VLAYER_ENV=dev bun run prove.ts",
      "deploy:mainnet": "VLAYER_ENV=mainnet bun run deploy.ts",
      "deploy:testnet": "VLAYER_ENV=testnet bun run deploy.ts",
      "deploy:dev": "VLAYER_ENV=dev bun run deploy.ts",
      "test-web:dev": "TEST_MODE=headed VLAYER_ENV=dev bun run playwright test",
      "test-web:testnet": "echo \"No tests specified yet\"",
      "web:dev": "VLAYER_ENV=dev bun run deploy.ts && vite",
      "web:testnet": "VLAYER_ENV=testnet bun run vite",
      "web:mainnet": "VLAYER_ENV=mainnet bun run deploy.ts && vite",
      "test:unit": "vitest --run"
    },
    "dependencies": {
      "@blockscout/app-sdk": "0.1.1",
      "@heroicons/react": "^2.2.0",
      "@reown/appkit": "^1.6.9",
      "@reown/appkit-adapter-wagmi": "^1.6.9",
      "@sentry/react": "^8.54.0",
      "@tanstack/react-query": "^5.72.1",
      "@vercel/analytics": "^1.4.1",
      "@vlayer/react": "1.0.2-nightly-20250530-3f01bfdcfb6b20d608f7bcef25f9907164ad3966",
      "@vlayer/sdk": "1.0.2-nightly-20250530-3f01bfdcfb6b20d608f7bcef25f9907164ad3966",
      "debug": "^4.3.7",
      "motion": "^12.0.6",
      "react": "^18.3.1",
      "react-daisyui": "^5.0.5",
      "react-dom": "^18.3.1",
      "react-error-boundary": "^5.0.0",
      "react-router": "^7.1.3",
      "react-tweet": "^3.2.2",
      "usehooks-ts": "^3.1.0",
      "viem": "2.27.0",
      "wagmi": "2.14.16",
      "zod": "^3.24.2"
    },
    "devDependencies": {
      "@johanneskares/wallet-mock": "^1.4.1",
      "@playwright/test": "1.52.0",
      "@testing-library/jest-dom": "^6.6.3",
      "@testing-library/react": "^16.3.0",
      "@types/bun": "^1.1.6",
      "@types/chrome": "^0.0.313",
      "@types/debug": "^4.1.12",
      "@types/node": "^22.5.4",
      "@types/react": "^19.1.6",
      "@types/react-dom": "^19.1.6",
      "@vitejs/plugin-react": "^4.3.3",
      "autoprefixer": "^10.4.20",
      "daisyui": "^4.12.22",
      "playwright": "1.52.0",
      "postcss": "^8.4.49",
      "solhint": "5.0.5",
      "tailwindcss": "^3.4.17",
      "typescript": "^5.5.4",
      "vite": "^5.4.1",
      "vite-tsconfig-paths": "^5.0.1",
      "vitest": "^3.1.1"
    },
    "overrides": {
      "viem": "2.27.0",
      "wagmi": "2.14.16"
    }
  }

yarn manifest: 
  No manifest

Lockfile: 
  No lockfile
